24-05-18 15:06:19.265 - INFO:   name: ddpm-sampling-MNIST
  phase: val
  gpu_ids: [0]
  path:[
    log: experiments/ddpm-sampling-MNIST_240518_150619/logs
    tb_logger: experiments/ddpm-sampling-MNIST_240518_150619/tb_logger
    results: experiments/ddpm-sampling-MNIST_240518_150619/results
    checkpoint: experiments/ddpm-sampling-MNIST_240518_150619/checkpoint
    resume_state: experiments/MNIST_240516_214407/checkpoint/I70000_E2188
    experiments_root: experiments/ddpm-sampling-MNIST_240518_150619
  ]
  datasets:[
    train:[
      name: TEST
      dataroot: datasets/MNIST/trainingSet
      resolution: 28
      batch_size: 16
      num_workers: 4
      use_shuffle: True
      data_len: 500
    ]
    val:[
      name: MNIST
      resolution: 28
      data_len: 10
    ]
  ]
  model:[
    which_model_G: sr3
    finetune_norm: False
    unet:[
      in_channel: 3
      out_channel: 3
      inner_channel: 64
      channel_multiplier: [1, 2, 8]
      attn_res: [16]
      res_blocks: 2
      dropout: 0.2
    ]
    beta_schedule:[
      train:[
        schedule: linear
        n_timestep: 2000
        linear_start: 1e-06
        linear_end: 0.01
      ]
      val:[
        schedule: linear
        n_timestep: 2000
        linear_start: 1e-06
        linear_end: 0.01
      ]
    ]
    diffusion:[
      image_size: 28
      channels: 3
      loss: l2
      conditional: False
    ]
  ]
  train:[
    n_iter: 1000000
    val_freq: 10000.0
    save_checkpoint_freq: 10000.0
    print_freq: 100
    optimizer:[
      type: adam
      lr: 1e-05
    ]
    ema_scheduler:[
      step_start_ema: 5000
      update_ema_every: 1
      ema_decay: 0.9999
    ]
  ]
  wandb:[
    project: ddpm-unet-remote-sensing
  ]
  distributed: False
  log_eval: False
  enable_wandb: False

24-05-18 15:06:19.298 - INFO: Initial Dataset Finished
24-05-18 15:06:20.442 - INFO: Loading pretrained model for G [experiments/MNIST_240516_214407/checkpoint/I70000_E2188] ...
24-05-18 15:06:21.370 - INFO: Network G structure: GaussianDiffusion, with parameters: 45,022,403
24-05-18 15:06:21.371 - INFO: GaussianDiffusion(
  (denoise_fn): UNet(
    (noise_level_mlp): Sequential(
      (0): PositionalEncoding()
      (1): Linear(in_features=64, out_features=256, bias=True)
      (2): Swish()
      (3): Linear(in_features=256, out_features=64, bias=True)
    )
    (init_conv): Conv2d(3, 64, kernel_size=(3, 3), stride=(1, 1), padding=(1, 1))
    (downs): ModuleList(
      (0-1): 2 x ResnetBlocWithAttn(
        (res_block): ResnetBlock(
          (noise_func): FeatureWiseAffine(
            (noise_func): Sequential(
              (0): Linear(in_features=64, out_features=64, bias=True)
            )
          )
          (block1): Block(
            (block): Sequential(
              (0): GroupNorm(32, 64, eps=1e-05, affine=True)
              (1): Swish()
              (2): Identity()
              (3): Conv2d(64, 64, kernel_size=(3, 3), stride=(1, 1), padding=(1, 1))
            )
          )
          (block2): Block(
            (block): Sequential(
              (0): GroupNorm(32, 64, eps=1e-05, affine=True)
              (1): Swish()
              (2): Dropout(p=0.2, inplace=False)
              (3): Conv2d(64, 64, kernel_size=(3, 3), stride=(1, 1), padding=(1, 1))
            )
          )
          (res_conv): Identity()
        )
      )
      (2): Downsample(
        (conv): Conv2d(64, 64, kernel_size=(3, 3), stride=(2, 2), padding=(1, 1))
      )
      (3): ResnetBlocWithAttn(
        (res_block): ResnetBlock(
          (noise_func): FeatureWiseAffine(
            (noise_func): Sequential(
              (0): Linear(in_features=64, out_features=128, bias=True)
            )
          )
          (block1): Block(
            (block): Sequential(
              (0): GroupNorm(32, 64, eps=1e-05, affine=True)
              (1): Swish()
              (2): Identity()
              (3): Conv2d(64, 128, kernel_size=(3, 3), stride=(1, 1), padding=(1, 1))
            )
          )
          (block2): Block(
            (block): Sequential(
              (0): GroupNorm(32, 128, eps=1e-05, affine=True)
              (1): Swish()
              (2): Dropout(p=0.2, inplace=False)
              (3): Conv2d(128, 128, kernel_size=(3, 3), stride=(1, 1), padding=(1, 1))
            )
          )
          (res_conv): Conv2d(64, 128, kernel_size=(1, 1), stride=(1, 1))
        )
      )
      (4): ResnetBlocWithAttn(
        (res_block): ResnetBlock(
          (noise_func): FeatureWiseAffine(
            (noise_func): Sequential(
              (0): Linear(in_features=64, out_features=128, bias=True)
            )
          )
          (block1): Block(
            (block): Sequential(
              (0): GroupNorm(32, 128, eps=1e-05, affine=True)
              (1): Swish()
              (2): Identity()
              (3): Conv2d(128, 128, kernel_size=(3, 3), stride=(1, 1), padding=(1, 1))
            )
          )
          (block2): Block(
            (block): Sequential(
              (0): GroupNorm(32, 128, eps=1e-05, affine=True)
              (1): Swish()
              (2): Dropout(p=0.2, inplace=False)
              (3): Conv2d(128, 128, kernel_size=(3, 3), stride=(1, 1), padding=(1, 1))
            )
          )
          (res_conv): Identity()
        )
      )
      (5): Downsample(
        (conv): Conv2d(128, 128, kernel_size=(3, 3), stride=(2, 2), padding=(1, 1))
      )
      (6): ResnetBlocWithAttn(
        (res_block): ResnetBlock(
          (noise_func): FeatureWiseAffine(
            (noise_func): Sequential(
              (0): Linear(in_features=64, out_features=512, bias=True)
            )
          )
          (block1): Block(
            (block): Sequential(
              (0): GroupNorm(32, 128, eps=1e-05, affine=True)
              (1): Swish()
              (2): Identity()
              (3): Conv2d(128, 512, kernel_size=(3, 3), stride=(1, 1), padding=(1, 1))
            )
          )
          (block2): Block(
            (block): Sequential(
              (0): GroupNorm(32, 512, eps=1e-05, affine=True)
              (1): Swish()
              (2): Dropout(p=0.2, inplace=False)
              (3): Conv2d(512, 512, kernel_size=(3, 3), stride=(1, 1), padding=(1, 1))
            )
          )
          (res_conv): Conv2d(128, 512, kernel_size=(1, 1), stride=(1, 1))
        )
      )
      (7): ResnetBlocWithAttn(
        (res_block): ResnetBlock(
          (noise_func): FeatureWiseAffine(
            (noise_func): Sequential(
              (0): Linear(in_features=64, out_features=512, bias=True)
            )
          )
          (block1): Block(
            (block): Sequential(
              (0): GroupNorm(32, 512, eps=1e-05, affine=True)
              (1): Swish()
              (2): Identity()
              (3): Conv2d(512, 512, kernel_size=(3, 3), stride=(1, 1), padding=(1, 1))
            )
          )
          (block2): Block(
            (block): Sequential(
              (0): GroupNorm(32, 512, eps=1e-05, affine=True)
              (1): Swish()
              (2): Dropout(p=0.2, inplace=False)
              (3): Conv2d(512, 512, kernel_size=(3, 3), stride=(1, 1), padding=(1, 1))
            )
          )
          (res_conv): Identity()
        )
      )
    )
    (mid): ModuleList(
      (0): ResnetBlocWithAttn(
        (res_block): ResnetBlock(
          (noise_func): FeatureWiseAffine(
            (noise_func): Sequential(
              (0): Linear(in_features=64, out_features=512, bias=True)
            )
          )
          (block1): Block(
            (block): Sequential(
              (0): GroupNorm(32, 512, eps=1e-05, affine=True)
              (1): Swish()
              (2): Identity()
              (3): Conv2d(512, 512, kernel_size=(3, 3), stride=(1, 1), padding=(1, 1))
            )
          )
          (block2): Block(
            (block): Sequential(
              (0): GroupNorm(32, 512, eps=1e-05, affine=True)
              (1): Swish()
              (2): Dropout(p=0.2, inplace=False)
              (3): Conv2d(512, 512, kernel_size=(3, 3), stride=(1, 1), padding=(1, 1))
            )
          )
          (res_conv): Identity()
        )
        (attn): SelfAttention(
          (norm): GroupNorm(32, 512, eps=1e-05, affine=True)
          (qkv): Conv2d(512, 1536, kernel_size=(1, 1), stride=(1, 1), bias=False)
          (out): Conv2d(512, 512, kernel_size=(1, 1), stride=(1, 1))
        )
      )
      (1): ResnetBlocWithAttn(
        (res_block): ResnetBlock(
          (noise_func): FeatureWiseAffine(
            (noise_func): Sequential(
              (0): Linear(in_features=64, out_features=512, bias=True)
            )
          )
          (block1): Block(
            (block): Sequential(
              (0): GroupNorm(32, 512, eps=1e-05, affine=True)
              (1): Swish()
              (2): Identity()
              (3): Conv2d(512, 512, kernel_size=(3, 3), stride=(1, 1), padding=(1, 1))
            )
          )
          (block2): Block(
            (block): Sequential(
              (0): GroupNorm(32, 512, eps=1e-05, affine=True)
              (1): Swish()
              (2): Dropout(p=0.2, inplace=False)
              (3): Conv2d(512, 512, kernel_size=(3, 3), stride=(1, 1), padding=(1, 1))
            )
          )
          (res_conv): Identity()
        )
      )
    )
    (ups): ModuleList(
      (0-1): 2 x ResnetBlocWithAttn(
        (res_block): ResnetBlock(
          (noise_func): FeatureWiseAffine(
            (noise_func): Sequential(
              (0): Linear(in_features=64, out_features=512, bias=True)
            )
          )
          (block1): Block(
            (block): Sequential(
              (0): GroupNorm(32, 1024, eps=1e-05, affine=True)
              (1): Swish()
              (2): Identity()
              (3): Conv2d(1024, 512, kernel_size=(3, 3), stride=(1, 1), padding=(1, 1))
            )
          )
          (block2): Block(
            (block): Sequential(
              (0): GroupNorm(32, 512, eps=1e-05, affine=True)
              (1): Swish()
              (2): Dropout(p=0.2, inplace=False)
              (3): Conv2d(512, 512, kernel_size=(3, 3), stride=(1, 1), padding=(1, 1))
            )
          )
          (res_conv): Conv2d(1024, 512, kernel_size=(1, 1), stride=(1, 1))
        )
      )
      (2): ResnetBlocWithAttn(
        (res_block): ResnetBlock(
          (noise_func): FeatureWiseAffine(
            (noise_func): Sequential(
              (0): Linear(in_features=64, out_features=512, bias=True)
            )
          )
          (block1): Block(
            (block): Sequential(
              (0): GroupNorm(32, 640, eps=1e-05, affine=True)
              (1): Swish()
              (2): Identity()
              (3): Conv2d(640, 512, kernel_size=(3, 3), stride=(1, 1), padding=(1, 1))
            )
          )
          (block2): Block(
            (block): Sequential(
              (0): GroupNorm(32, 512, eps=1e-05, affine=True)
              (1): Swish()
              (2): Dropout(p=0.2, inplace=False)
              (3): Conv2d(512, 512, kernel_size=(3, 3), stride=(1, 1), padding=(1, 1))
            )
          )
          (res_conv): Conv2d(640, 512, kernel_size=(1, 1), stride=(1, 1))
        )
      )
      (3): Upsample(
        (up): Upsample(scale_factor=2.0, mode='nearest')
        (conv): Conv2d(512, 512, kernel_size=(3, 3), stride=(1, 1), padding=(1, 1))
      )
      (4): ResnetBlocWithAttn(
        (res_block): ResnetBlock(
          (noise_func): FeatureWiseAffine(
            (noise_func): Sequential(
              (0): Linear(in_features=64, out_features=128, bias=True)
            )
          )
          (block1): Block(
            (block): Sequential(
              (0): GroupNorm(32, 640, eps=1e-05, affine=True)
              (1): Swish()
              (2): Identity()
              (3): Conv2d(640, 128, kernel_size=(3, 3), stride=(1, 1), padding=(1, 1))
            )
          )
          (block2): Block(
            (block): Sequential(
              (0): GroupNorm(32, 128, eps=1e-05, affine=True)
              (1): Swish()
              (2): Dropout(p=0.2, inplace=False)
              (3): Conv2d(128, 128, kernel_size=(3, 3), stride=(1, 1), padding=(1, 1))
            )
          )
          (res_conv): Conv2d(640, 128, kernel_size=(1, 1), stride=(1, 1))
        )
      )
      (5): ResnetBlocWithAttn(
        (res_block): ResnetBlock(
          (noise_func): FeatureWiseAffine(
            (noise_func): Sequential(
              (0): Linear(in_features=64, out_features=128, bias=True)
            )
          )
          (block1): Block(
            (block): Sequential(
              (0): GroupNorm(32, 256, eps=1e-05, affine=True)
              (1): Swish()
              (2): Identity()
              (3): Conv2d(256, 128, kernel_size=(3, 3), stride=(1, 1), padding=(1, 1))
            )
          )
          (block2): Block(
            (block): Sequential(
              (0): GroupNorm(32, 128, eps=1e-05, affine=True)
              (1): Swish()
              (2): Dropout(p=0.2, inplace=False)
              (3): Conv2d(128, 128, kernel_size=(3, 3), stride=(1, 1), padding=(1, 1))
            )
          )
          (res_conv): Conv2d(256, 128, kernel_size=(1, 1), stride=(1, 1))
        )
      )
      (6): ResnetBlocWithAttn(
        (res_block): ResnetBlock(
          (noise_func): FeatureWiseAffine(
            (noise_func): Sequential(
              (0): Linear(in_features=64, out_features=128, bias=True)
            )
          )
          (block1): Block(
            (block): Sequential(
              (0): GroupNorm(32, 192, eps=1e-05, affine=True)
              (1): Swish()
              (2): Identity()
              (3): Conv2d(192, 128, kernel_size=(3, 3), stride=(1, 1), padding=(1, 1))
            )
          )
          (block2): Block(
            (block): Sequential(
              (0): GroupNorm(32, 128, eps=1e-05, affine=True)
              (1): Swish()
              (2): Dropout(p=0.2, inplace=False)
              (3): Conv2d(128, 128, kernel_size=(3, 3), stride=(1, 1), padding=(1, 1))
            )
          )
          (res_conv): Conv2d(192, 128, kernel_size=(1, 1), stride=(1, 1))
        )
      )
      (7): Upsample(
        (up): Upsample(scale_factor=2.0, mode='nearest')
        (conv): Conv2d(128, 128, kernel_size=(3, 3), stride=(1, 1), padding=(1, 1))
      )
      (8): ResnetBlocWithAttn(
        (res_block): ResnetBlock(
          (noise_func): FeatureWiseAffine(
            (noise_func): Sequential(
              (0): Linear(in_features=64, out_features=64, bias=True)
            )
          )
          (block1): Block(
            (block): Sequential(
              (0): GroupNorm(32, 192, eps=1e-05, affine=True)
              (1): Swish()
              (2): Identity()
              (3): Conv2d(192, 64, kernel_size=(3, 3), stride=(1, 1), padding=(1, 1))
            )
          )
          (block2): Block(
            (block): Sequential(
              (0): GroupNorm(32, 64, eps=1e-05, affine=True)
              (1): Swish()
              (2): Dropout(p=0.2, inplace=False)
              (3): Conv2d(64, 64, kernel_size=(3, 3), stride=(1, 1), padding=(1, 1))
            )
          )
          (res_conv): Conv2d(192, 64, kernel_size=(1, 1), stride=(1, 1))
        )
      )
      (9-10): 2 x ResnetBlocWithAttn(
        (res_block): ResnetBlock(
          (noise_func): FeatureWiseAffine(
            (noise_func): Sequential(
              (0): Linear(in_features=64, out_features=64, bias=True)
            )
          )
          (block1): Block(
            (block): Sequential(
              (0): GroupNorm(32, 128, eps=1e-05, affine=True)
              (1): Swish()
              (2): Identity()
              (3): Conv2d(128, 64, kernel_size=(3, 3), stride=(1, 1), padding=(1, 1))
            )
          )
          (block2): Block(
            (block): Sequential(
              (0): GroupNorm(32, 64, eps=1e-05, affine=True)
              (1): Swish()
              (2): Dropout(p=0.2, inplace=False)
              (3): Conv2d(64, 64, kernel_size=(3, 3), stride=(1, 1), padding=(1, 1))
            )
          )
          (res_conv): Conv2d(128, 64, kernel_size=(1, 1), stride=(1, 1))
        )
      )
    )
    (final_conv): Block(
      (block): Sequential(
        (0): GroupNorm(32, 64, eps=1e-05, affine=True)
        (1): Swish()
        (2): Identity()
        (3): Conv2d(64, 3, kernel_size=(3, 3), stride=(1, 1), padding=(1, 1))
      )
    )
  )
  (loss_func): MSELoss()
)
24-05-18 15:06:21.373 - INFO: Model [DDPM] is created.
24-05-18 15:06:21.373 - INFO: Initial Model Finished
24-05-18 15:06:21.373 - INFO: Resuming training from epoch: 0, iter: 0.
24-05-18 15:06:21.374 - INFO: Begin Model Evaluation.
24-05-18 15:19:24.918 - INFO: <epoch:  0, iter:       0> Sample generation completed.
