24-05-23 09:50:48.629 - INFO:   name: ddpm-sampling-remote-sensing-imgs
  phase: val
  gpu_ids: [0]
  path:[
    log: experiments/ddpm-sampling-remote-sensing-imgs_240523_095048/logs
    tb_logger: experiments/ddpm-sampling-remote-sensing-imgs_240523_095048/tb_logger
    results: experiments/ddpm-sampling-remote-sensing-imgs_240523_095048/results
    checkpoint: experiments/ddpm-sampling-remote-sensing-imgs_240523_095048/checkpoint
    resume_state: experiments/pre_trained_model/I190000_E97
    experiments_root: experiments/ddpm-sampling-remote-sensing-imgs_240523_095048
  ]
  datasets:[
    train:[
      name: LEVIR-WHU-DSIFN
      dataroot: dataset/Million-AID-LWD
      resolution: 256
      batch_size: 8
      num_workers: 8
      use_shuffle: True
      data_len: -1
    ]
    val:[
      name: TEST
      resolution: 256
      data_len: 10
    ]
  ]
  model:[
    which_model_G: sr3
    finetune_norm: False
    unet:[
      in_channel: 3
      out_channel: 3
      inner_channel: 128
      channel_multiplier: [1, 2, 4, 8, 8]
      attn_res: [16]
      res_blocks: 2
      dropout: 0.2
    ]
    beta_schedule:[
      train:[
        schedule: linear
        n_timestep: 2000
        linear_start: 1e-06
        linear_end: 0.01
      ]
      val:[
        schedule: linear
        n_timestep: 2000
        linear_start: 1e-06
        linear_end: 0.01
      ]
    ]
    diffusion:[
      image_size: 256
      channels: 3
      loss: l2
      conditional: False
    ]
  ]
  train:[
    n_iter: 1000000
    val_freq: 10000.0
    save_checkpoint_freq: 10000.0
    print_freq: 100
    optimizer:[
      type: adam
      lr: 1e-05
    ]
    ema_scheduler:[
      step_start_ema: 5000
      update_ema_every: 1
      ema_decay: 0.9999
    ]
  ]
  wandb:[
    project: ddpm-unet-remote-sensing
  ]
  distributed: False
  log_eval: False
  enable_wandb: False

24-05-23 09:50:48.669 - INFO: Initial Dataset Finished
24-05-23 09:50:51.429 - INFO: Loading pretrained model for G [experiments/pre_trained_model/I190000_E97] ...
24-05-23 09:50:58.591 - INFO: Network G structure: GaussianDiffusion, with parameters: 391,048,067
24-05-23 09:50:58.591 - INFO: GaussianDiffusion(
  (denoise_fn): UNet(
    (noise_level_mlp): Sequential(
      (0): PositionalEncoding()
      (1): Linear(in_features=128, out_features=512, bias=True)
      (2): Swish()
      (3): Linear(in_features=512, out_features=128, bias=True)
    )
    (init_conv): Conv2d(3, 128, kernel_size=(3, 3), stride=(1, 1), padding=(1, 1))
    (downs): ModuleList(
      (0-1): 2 x ResnetBlocWithAttn(
        (res_block): ResnetBlock(
          (noise_func): FeatureWiseAffine(
            (noise_func): Sequential(
              (0): Linear(in_features=128, out_features=128, bias=True)
            )
          )
          (block1): Block(
            (block): Sequential(
              (0): GroupNorm(32, 128, eps=1e-05, affine=True)
              (1): Swish()
              (2): Identity()
              (3): Conv2d(128, 128, kernel_size=(3, 3), stride=(1, 1), padding=(1, 1))
            )
          )
          (block2): Block(
            (block): Sequential(
              (0): GroupNorm(32, 128, eps=1e-05, affine=True)
              (1): Swish()
              (2): Dropout(p=0.2, inplace=False)
              (3): Conv2d(128, 128, kernel_size=(3, 3), stride=(1, 1), padding=(1, 1))
            )
          )
          (res_conv): Identity()
        )
      )
      (2): Downsample(
        (conv): Conv2d(128, 128, kernel_size=(3, 3), stride=(2, 2), padding=(1, 1))
      )
      (3): ResnetBlocWithAttn(
        (res_block): ResnetBlock(
          (noise_func): FeatureWiseAffine(
            (noise_func): Sequential(
              (0): Linear(in_features=128, out_features=256, bias=True)
            )
          )
          (block1): Block(
            (block): Sequential(
              (0): GroupNorm(32, 128, eps=1e-05, affine=True)
              (1): Swish()
              (2): Identity()
              (3): Conv2d(128, 256, kernel_size=(3, 3), stride=(1, 1), padding=(1, 1))
            )
          )
          (block2): Block(
            (block): Sequential(
              (0): GroupNorm(32, 256, eps=1e-05, affine=True)
              (1): Swish()
              (2): Dropout(p=0.2, inplace=False)
              (3): Conv2d(256, 256, kernel_size=(3, 3), stride=(1, 1), padding=(1, 1))
            )
          )
          (res_conv): Conv2d(128, 256, kernel_size=(1, 1), stride=(1, 1))
        )
      )
      (4): ResnetBlocWithAttn(
        (res_block): ResnetBlock(
          (noise_func): FeatureWiseAffine(
            (noise_func): Sequential(
              (0): Linear(in_features=128, out_features=256, bias=True)
            )
          )
          (block1): Block(
            (block): Sequential(
              (0): GroupNorm(32, 256, eps=1e-05, affine=True)
              (1): Swish()
              (2): Identity()
              (3): Conv2d(256, 256, kernel_size=(3, 3), stride=(1, 1), padding=(1, 1))
            )
          )
          (block2): Block(
            (block): Sequential(
              (0): GroupNorm(32, 256, eps=1e-05, affine=True)
              (1): Swish()
              (2): Dropout(p=0.2, inplace=False)
              (3): Conv2d(256, 256, kernel_size=(3, 3), stride=(1, 1), padding=(1, 1))
            )
          )
          (res_conv): Identity()
        )
      )
      (5): Downsample(
        (conv): Conv2d(256, 256, kernel_size=(3, 3), stride=(2, 2), padding=(1, 1))
      )
      (6): ResnetBlocWithAttn(
        (res_block): ResnetBlock(
          (noise_func): FeatureWiseAffine(
            (noise_func): Sequential(
              (0): Linear(in_features=128, out_features=512, bias=True)
            )
          )
          (block1): Block(
            (block): Sequential(
              (0): GroupNorm(32, 256, eps=1e-05, affine=True)
              (1): Swish()
              (2): Identity()
              (3): Conv2d(256, 512, kernel_size=(3, 3), stride=(1, 1), padding=(1, 1))
            )
          )
          (block2): Block(
            (block): Sequential(
              (0): GroupNorm(32, 512, eps=1e-05, affine=True)
              (1): Swish()
              (2): Dropout(p=0.2, inplace=False)
              (3): Conv2d(512, 512, kernel_size=(3, 3), stride=(1, 1), padding=(1, 1))
            )
          )
          (res_conv): Conv2d(256, 512, kernel_size=(1, 1), stride=(1, 1))
        )
      )
      (7): ResnetBlocWithAttn(
        (res_block): ResnetBlock(
          (noise_func): FeatureWiseAffine(
            (noise_func): Sequential(
              (0): Linear(in_features=128, out_features=512, bias=True)
            )
          )
          (block1): Block(
            (block): Sequential(
              (0): GroupNorm(32, 512, eps=1e-05, affine=True)
              (1): Swish()
              (2): Identity()
              (3): Conv2d(512, 512, kernel_size=(3, 3), stride=(1, 1), padding=(1, 1))
            )
          )
          (block2): Block(
            (block): Sequential(
              (0): GroupNorm(32, 512, eps=1e-05, affine=True)
              (1): Swish()
              (2): Dropout(p=0.2, inplace=False)
              (3): Conv2d(512, 512, kernel_size=(3, 3), stride=(1, 1), padding=(1, 1))
            )
          )
          (res_conv): Identity()
        )
      )
      (8): Downsample(
        (conv): Conv2d(512, 512, kernel_size=(3, 3), stride=(2, 2), padding=(1, 1))
      )
      (9): ResnetBlocWithAttn(
        (res_block): ResnetBlock(
          (noise_func): FeatureWiseAffine(
            (noise_func): Sequential(
              (0): Linear(in_features=128, out_features=1024, bias=True)
            )
          )
          (block1): Block(
            (block): Sequential(
              (0): GroupNorm(32, 512, eps=1e-05, affine=True)
              (1): Swish()
              (2): Identity()
              (3): Conv2d(512, 1024, kernel_size=(3, 3), stride=(1, 1), padding=(1, 1))
            )
          )
          (block2): Block(
            (block): Sequential(
              (0): GroupNorm(32, 1024, eps=1e-05, affine=True)
              (1): Swish()
              (2): Dropout(p=0.2, inplace=False)
              (3): Conv2d(1024, 1024, kernel_size=(3, 3), stride=(1, 1), padding=(1, 1))
            )
          )
          (res_conv): Conv2d(512, 1024, kernel_size=(1, 1), stride=(1, 1))
        )
      )
      (10): ResnetBlocWithAttn(
        (res_block): ResnetBlock(
          (noise_func): FeatureWiseAffine(
            (noise_func): Sequential(
              (0): Linear(in_features=128, out_features=1024, bias=True)
            )
          )
          (block1): Block(
            (block): Sequential(
              (0): GroupNorm(32, 1024, eps=1e-05, affine=True)
              (1): Swish()
              (2): Identity()
              (3): Conv2d(1024, 1024, kernel_size=(3, 3), stride=(1, 1), padding=(1, 1))
            )
          )
          (block2): Block(
            (block): Sequential(
              (0): GroupNorm(32, 1024, eps=1e-05, affine=True)
              (1): Swish()
              (2): Dropout(p=0.2, inplace=False)
              (3): Conv2d(1024, 1024, kernel_size=(3, 3), stride=(1, 1), padding=(1, 1))
            )
          )
          (res_conv): Identity()
        )
      )
      (11): Downsample(
        (conv): Conv2d(1024, 1024, kernel_size=(3, 3), stride=(2, 2), padding=(1, 1))
      )
      (12-13): 2 x ResnetBlocWithAttn(
        (res_block): ResnetBlock(
          (noise_func): FeatureWiseAffine(
            (noise_func): Sequential(
              (0): Linear(in_features=128, out_features=1024, bias=True)
            )
          )
          (block1): Block(
            (block): Sequential(
              (0): GroupNorm(32, 1024, eps=1e-05, affine=True)
              (1): Swish()
              (2): Identity()
              (3): Conv2d(1024, 1024, kernel_size=(3, 3), stride=(1, 1), padding=(1, 1))
            )
          )
          (block2): Block(
            (block): Sequential(
              (0): GroupNorm(32, 1024, eps=1e-05, affine=True)
              (1): Swish()
              (2): Dropout(p=0.2, inplace=False)
              (3): Conv2d(1024, 1024, kernel_size=(3, 3), stride=(1, 1), padding=(1, 1))
            )
          )
          (res_conv): Identity()
        )
        (attn): SelfAttention(
          (norm): GroupNorm(32, 1024, eps=1e-05, affine=True)
          (qkv): Conv2d(1024, 3072, kernel_size=(1, 1), stride=(1, 1), bias=False)
          (out): Conv2d(1024, 1024, kernel_size=(1, 1), stride=(1, 1))
        )
      )
    )
    (mid): ModuleList(
      (0): ResnetBlocWithAttn(
        (res_block): ResnetBlock(
          (noise_func): FeatureWiseAffine(
            (noise_func): Sequential(
              (0): Linear(in_features=128, out_features=1024, bias=True)
            )
          )
          (block1): Block(
            (block): Sequential(
              (0): GroupNorm(32, 1024, eps=1e-05, affine=True)
              (1): Swish()
              (2): Identity()
              (3): Conv2d(1024, 1024, kernel_size=(3, 3), stride=(1, 1), padding=(1, 1))
            )
          )
          (block2): Block(
            (block): Sequential(
              (0): GroupNorm(32, 1024, eps=1e-05, affine=True)
              (1): Swish()
              (2): Dropout(p=0.2, inplace=False)
              (3): Conv2d(1024, 1024, kernel_size=(3, 3), stride=(1, 1), padding=(1, 1))
            )
          )
          (res_conv): Identity()
        )
        (attn): SelfAttention(
          (norm): GroupNorm(32, 1024, eps=1e-05, affine=True)
          (qkv): Conv2d(1024, 3072, kernel_size=(1, 1), stride=(1, 1), bias=False)
          (out): Conv2d(1024, 1024, kernel_size=(1, 1), stride=(1, 1))
        )
      )
      (1): ResnetBlocWithAttn(
        (res_block): ResnetBlock(
          (noise_func): FeatureWiseAffine(
            (noise_func): Sequential(
              (0): Linear(in_features=128, out_features=1024, bias=True)
            )
          )
          (block1): Block(
            (block): Sequential(
              (0): GroupNorm(32, 1024, eps=1e-05, affine=True)
              (1): Swish()
              (2): Identity()
              (3): Conv2d(1024, 1024, kernel_size=(3, 3), stride=(1, 1), padding=(1, 1))
            )
          )
          (block2): Block(
            (block): Sequential(
              (0): GroupNorm(32, 1024, eps=1e-05, affine=True)
              (1): Swish()
              (2): Dropout(p=0.2, inplace=False)
              (3): Conv2d(1024, 1024, kernel_size=(3, 3), stride=(1, 1), padding=(1, 1))
            )
          )
          (res_conv): Identity()
        )
      )
    )
    (ups): ModuleList(
      (0-2): 3 x ResnetBlocWithAttn(
        (res_block): ResnetBlock(
          (noise_func): FeatureWiseAffine(
            (noise_func): Sequential(
              (0): Linear(in_features=128, out_features=1024, bias=True)
            )
          )
          (block1): Block(
            (block): Sequential(
              (0): GroupNorm(32, 2048, eps=1e-05, affine=True)
              (1): Swish()
              (2): Identity()
              (3): Conv2d(2048, 1024, kernel_size=(3, 3), stride=(1, 1), padding=(1, 1))
            )
          )
          (block2): Block(
            (block): Sequential(
              (0): GroupNorm(32, 1024, eps=1e-05, affine=True)
              (1): Swish()
              (2): Dropout(p=0.2, inplace=False)
              (3): Conv2d(1024, 1024, kernel_size=(3, 3), stride=(1, 1), padding=(1, 1))
            )
          )
          (res_conv): Conv2d(2048, 1024, kernel_size=(1, 1), stride=(1, 1))
        )
        (attn): SelfAttention(
          (norm): GroupNorm(32, 1024, eps=1e-05, affine=True)
          (qkv): Conv2d(1024, 3072, kernel_size=(1, 1), stride=(1, 1), bias=False)
          (out): Conv2d(1024, 1024, kernel_size=(1, 1), stride=(1, 1))
        )
      )
      (3): Upsample(
        (up): Upsample(scale_factor=2.0, mode='nearest')
        (conv): Conv2d(1024, 1024, kernel_size=(3, 3), stride=(1, 1), padding=(1, 1))
      )
      (4-5): 2 x ResnetBlocWithAttn(
        (res_block): ResnetBlock(
          (noise_func): FeatureWiseAffine(
            (noise_func): Sequential(
              (0): Linear(in_features=128, out_features=1024, bias=True)
            )
          )
          (block1): Block(
            (block): Sequential(
              (0): GroupNorm(32, 2048, eps=1e-05, affine=True)
              (1): Swish()
              (2): Identity()
              (3): Conv2d(2048, 1024, kernel_size=(3, 3), stride=(1, 1), padding=(1, 1))
            )
          )
          (block2): Block(
            (block): Sequential(
              (0): GroupNorm(32, 1024, eps=1e-05, affine=True)
              (1): Swish()
              (2): Dropout(p=0.2, inplace=False)
              (3): Conv2d(1024, 1024, kernel_size=(3, 3), stride=(1, 1), padding=(1, 1))
            )
          )
          (res_conv): Conv2d(2048, 1024, kernel_size=(1, 1), stride=(1, 1))
        )
      )
      (6): ResnetBlocWithAttn(
        (res_block): ResnetBlock(
          (noise_func): FeatureWiseAffine(
            (noise_func): Sequential(
              (0): Linear(in_features=128, out_features=1024, bias=True)
            )
          )
          (block1): Block(
            (block): Sequential(
              (0): GroupNorm(32, 1536, eps=1e-05, affine=True)
              (1): Swish()
              (2): Identity()
              (3): Conv2d(1536, 1024, kernel_size=(3, 3), stride=(1, 1), padding=(1, 1))
            )
          )
          (block2): Block(
            (block): Sequential(
              (0): GroupNorm(32, 1024, eps=1e-05, affine=True)
              (1): Swish()
              (2): Dropout(p=0.2, inplace=False)
              (3): Conv2d(1024, 1024, kernel_size=(3, 3), stride=(1, 1), padding=(1, 1))
            )
          )
          (res_conv): Conv2d(1536, 1024, kernel_size=(1, 1), stride=(1, 1))
        )
      )
      (7): Upsample(
        (up): Upsample(scale_factor=2.0, mode='nearest')
        (conv): Conv2d(1024, 1024, kernel_size=(3, 3), stride=(1, 1), padding=(1, 1))
      )
      (8): ResnetBlocWithAttn(
        (res_block): ResnetBlock(
          (noise_func): FeatureWiseAffine(
            (noise_func): Sequential(
              (0): Linear(in_features=128, out_features=512, bias=True)
            )
          )
          (block1): Block(
            (block): Sequential(
              (0): GroupNorm(32, 1536, eps=1e-05, affine=True)
              (1): Swish()
              (2): Identity()
              (3): Conv2d(1536, 512, kernel_size=(3, 3), stride=(1, 1), padding=(1, 1))
            )
          )
          (block2): Block(
            (block): Sequential(
              (0): GroupNorm(32, 512, eps=1e-05, affine=True)
              (1): Swish()
              (2): Dropout(p=0.2, inplace=False)
              (3): Conv2d(512, 512, kernel_size=(3, 3), stride=(1, 1), padding=(1, 1))
            )
          )
          (res_conv): Conv2d(1536, 512, kernel_size=(1, 1), stride=(1, 1))
        )
      )
      (9): ResnetBlocWithAttn(
        (res_block): ResnetBlock(
          (noise_func): FeatureWiseAffine(
            (noise_func): Sequential(
              (0): Linear(in_features=128, out_features=512, bias=True)
            )
          )
          (block1): Block(
            (block): Sequential(
              (0): GroupNorm(32, 1024, eps=1e-05, affine=True)
              (1): Swish()
              (2): Identity()
              (3): Conv2d(1024, 512, kernel_size=(3, 3), stride=(1, 1), padding=(1, 1))
            )
          )
          (block2): Block(
            (block): Sequential(
              (0): GroupNorm(32, 512, eps=1e-05, affine=True)
              (1): Swish()
              (2): Dropout(p=0.2, inplace=False)
              (3): Conv2d(512, 512, kernel_size=(3, 3), stride=(1, 1), padding=(1, 1))
            )
          )
          (res_conv): Conv2d(1024, 512, kernel_size=(1, 1), stride=(1, 1))
        )
      )
      (10): ResnetBlocWithAttn(
        (res_block): ResnetBlock(
          (noise_func): FeatureWiseAffine(
            (noise_func): Sequential(
              (0): Linear(in_features=128, out_features=512, bias=True)
            )
          )
          (block1): Block(
            (block): Sequential(
              (0): GroupNorm(32, 768, eps=1e-05, affine=True)
              (1): Swish()
              (2): Identity()
              (3): Conv2d(768, 512, kernel_size=(3, 3), stride=(1, 1), padding=(1, 1))
            )
          )
          (block2): Block(
            (block): Sequential(
              (0): GroupNorm(32, 512, eps=1e-05, affine=True)
              (1): Swish()
              (2): Dropout(p=0.2, inplace=False)
              (3): Conv2d(512, 512, kernel_size=(3, 3), stride=(1, 1), padding=(1, 1))
            )
          )
          (res_conv): Conv2d(768, 512, kernel_size=(1, 1), stride=(1, 1))
        )
      )
      (11): Upsample(
        (up): Upsample(scale_factor=2.0, mode='nearest')
        (conv): Conv2d(512, 512, kernel_size=(3, 3), stride=(1, 1), padding=(1, 1))
      )
      (12): ResnetBlocWithAttn(
        (res_block): ResnetBlock(
          (noise_func): FeatureWiseAffine(
            (noise_func): Sequential(
              (0): Linear(in_features=128, out_features=256, bias=True)
            )
          )
          (block1): Block(
            (block): Sequential(
              (0): GroupNorm(32, 768, eps=1e-05, affine=True)
              (1): Swish()
              (2): Identity()
              (3): Conv2d(768, 256, kernel_size=(3, 3), stride=(1, 1), padding=(1, 1))
            )
          )
          (block2): Block(
            (block): Sequential(
              (0): GroupNorm(32, 256, eps=1e-05, affine=True)
              (1): Swish()
              (2): Dropout(p=0.2, inplace=False)
              (3): Conv2d(256, 256, kernel_size=(3, 3), stride=(1, 1), padding=(1, 1))
            )
          )
          (res_conv): Conv2d(768, 256, kernel_size=(1, 1), stride=(1, 1))
        )
      )
      (13): ResnetBlocWithAttn(
        (res_block): ResnetBlock(
          (noise_func): FeatureWiseAffine(
            (noise_func): Sequential(
              (0): Linear(in_features=128, out_features=256, bias=True)
            )
          )
          (block1): Block(
            (block): Sequential(
              (0): GroupNorm(32, 512, eps=1e-05, affine=True)
              (1): Swish()
              (2): Identity()
              (3): Conv2d(512, 256, kernel_size=(3, 3), stride=(1, 1), padding=(1, 1))
            )
          )
          (block2): Block(
            (block): Sequential(
              (0): GroupNorm(32, 256, eps=1e-05, affine=True)
              (1): Swish()
              (2): Dropout(p=0.2, inplace=False)
              (3): Conv2d(256, 256, kernel_size=(3, 3), stride=(1, 1), padding=(1, 1))
            )
          )
          (res_conv): Conv2d(512, 256, kernel_size=(1, 1), stride=(1, 1))
        )
      )
      (14): ResnetBlocWithAttn(
        (res_block): ResnetBlock(
          (noise_func): FeatureWiseAffine(
            (noise_func): Sequential(
              (0): Linear(in_features=128, out_features=256, bias=True)
            )
          )
          (block1): Block(
            (block): Sequential(
              (0): GroupNorm(32, 384, eps=1e-05, affine=True)
              (1): Swish()
              (2): Identity()
              (3): Conv2d(384, 256, kernel_size=(3, 3), stride=(1, 1), padding=(1, 1))
            )
          )
          (block2): Block(
            (block): Sequential(
              (0): GroupNorm(32, 256, eps=1e-05, affine=True)
              (1): Swish()
              (2): Dropout(p=0.2, inplace=False)
              (3): Conv2d(256, 256, kernel_size=(3, 3), stride=(1, 1), padding=(1, 1))
            )
          )
          (res_conv): Conv2d(384, 256, kernel_size=(1, 1), stride=(1, 1))
        )
      )
      (15): Upsample(
        (up): Upsample(scale_factor=2.0, mode='nearest')
        (conv): Conv2d(256, 256, kernel_size=(3, 3), stride=(1, 1), padding=(1, 1))
      )
      (16): ResnetBlocWithAttn(
        (res_block): ResnetBlock(
          (noise_func): FeatureWiseAffine(
            (noise_func): Sequential(
              (0): Linear(in_features=128, out_features=128, bias=True)
            )
          )
          (block1): Block(
            (block): Sequential(
              (0): GroupNorm(32, 384, eps=1e-05, affine=True)
              (1): Swish()
              (2): Identity()
              (3): Conv2d(384, 128, kernel_size=(3, 3), stride=(1, 1), padding=(1, 1))
            )
          )
          (block2): Block(
            (block): Sequential(
              (0): GroupNorm(32, 128, eps=1e-05, affine=True)
              (1): Swish()
              (2): Dropout(p=0.2, inplace=False)
              (3): Conv2d(128, 128, kernel_size=(3, 3), stride=(1, 1), padding=(1, 1))
            )
          )
          (res_conv): Conv2d(384, 128, kernel_size=(1, 1), stride=(1, 1))
        )
      )
      (17-18): 2 x ResnetBlocWithAttn(
        (res_block): ResnetBlock(
          (noise_func): FeatureWiseAffine(
            (noise_func): Sequential(
              (0): Linear(in_features=128, out_features=128, bias=True)
            )
          )
          (block1): Block(
            (block): Sequential(
              (0): GroupNorm(32, 256, eps=1e-05, affine=True)
              (1): Swish()
              (2): Identity()
              (3): Conv2d(256, 128, kernel_size=(3, 3), stride=(1, 1), padding=(1, 1))
            )
          )
          (block2): Block(
            (block): Sequential(
              (0): GroupNorm(32, 128, eps=1e-05, affine=True)
              (1): Swish()
              (2): Dropout(p=0.2, inplace=False)
              (3): Conv2d(128, 128, kernel_size=(3, 3), stride=(1, 1), padding=(1, 1))
            )
          )
          (res_conv): Conv2d(256, 128, kernel_size=(1, 1), stride=(1, 1))
        )
      )
    )
    (final_conv): Block(
      (block): Sequential(
        (0): GroupNorm(32, 128, eps=1e-05, affine=True)
        (1): Swish()
        (2): Identity()
        (3): Conv2d(128, 3, kernel_size=(3, 3), stride=(1, 1), padding=(1, 1))
      )
    )
  )
  (loss_func): MSELoss()
)
24-05-23 09:50:58.594 - INFO: Model [DDPM] is created.
24-05-23 09:50:58.594 - INFO: Initial Model Finished
24-05-23 09:50:58.594 - INFO: Resuming training from epoch: 0, iter: 0.
24-05-23 09:50:58.594 - INFO: Begin Model Evaluation.
